[INFO] 20:16:45:731 CPU/(2767:2767): hilo principal esta ejecutando
[INFO] 20:16:45:731 CPU/(2767:2768): Escuchando en 0.0.0.0:35001 (CPU)

[INFO] 20:16:45:732 CPU/(2767:2768): Esperando cliente... (CPU)

[INFO] 20:18:09:553 CPU/(2798:2798): hilo principal esta ejecutando
[INFO] 20:18:09:553 CPU/(2798:2799): Escuchando en 0.0.0.0:35001 (CPU)

[INFO] 20:18:09:553 CPU/(2798:2799): Esperando cliente... (CPU)

[INFO] 20:18:19:553 CPU/(2798:2798): hilo principal esta ejecutando
[INFO] 20:18:29:553 CPU/(2798:2798): hilo principal esta ejecutando
[INFO] 20:18:39:554 CPU/(2798:2798): hilo principal esta ejecutando
[INFO] 20:18:49:555 CPU/(2798:2798): hilo principal esta ejecutando
[INFO] 20:18:51:470 CPU/(2798:2799): Nuevo Cliente conectado! (CPU) 5

[INFO] 20:18:59:555 CPU/(2798:2798): hilo principal esta ejecutando
[INFO] 20:19:09:555 CPU/(2798:2798): hilo principal esta ejecutando
[INFO] 20:19:10:119 CPU/(2798:2799): Numero recibido: 123

[INFO] 20:19:19:556 CPU/(2798:2798): hilo principal esta ejecutando
[INFO] 20:19:29:557 CPU/(2798:2798): hilo principal esta ejecutando
[INFO] 20:19:39:558 CPU/(2798:2798): hilo principal esta ejecutando
[INFO] 20:19:49:559 CPU/(2798:2798): hilo principal esta ejecutando
[INFO] 20:19:59:559 CPU/(2798:2798): hilo principal esta ejecutando
[INFO] 20:20:02:081 CPU/(2798:2799): Numero recibido: 0

[INFO] 20:20:09:559 CPU/(2798:2798): hilo principal esta ejecutando
[INFO] 13:33:23:704 CPU/(35460:35460): hilo principal esta ejecutando
[INFO] 13:33:23:704 CPU/(35460:35461): Escuchando en 0.0.0.0:35001 (CPU)

[INFO] 13:33:23:705 CPU/(35460:35461): Esperando cliente... (CPU)

[INFO] 13:33:33:705 CPU/(35460:35460): hilo principal esta ejecutando
[INFO] 13:33:43:705 CPU/(35460:35460): hilo principal esta ejecutando
[INFO] 13:33:43:923 CPU/(35460:35461): Nuevo Cliente conectado! (CPU) 5

[INFO] 13:33:53:706 CPU/(35460:35460): hilo principal esta ejecutando
[INFO] 13:34:03:710 CPU/(35460:35460): hilo principal esta ejecutando
[INFO] 13:34:13:710 CPU/(35460:35460): hilo principal esta ejecutando
[INFO] 13:34:23:710 CPU/(35460:35460): hilo principal esta ejecutando
[INFO] 13:34:33:711 CPU/(35460:35460): hilo principal esta ejecutando
[INFO] 13:34:41:005 CPU/(35460:35461): Numero recibido: 0

[INFO] 13:34:43:716 CPU/(35460:35460): hilo principal esta ejecutando
[INFO] 20:11:10:169 CPU/(39542:39542): Cliente conectado en 0.0.0.0:35003 (a Memoria)

[INFO] 20:11:10:170 CPU/(39542:39542): hilo principal esta ejecutando
[INFO] 20:11:10:170 CPU/(39542:39544): Escuchando en 0.0.0.0:35001 (CPU)

[INFO] 20:11:10:170 CPU/(39542:39544): Esperando cliente... (CPU)

[INFO] 20:11:20:170 CPU/(39542:39542): hilo principal esta ejecutando
[INFO] 20:11:30:171 CPU/(39542:39542): hilo principal esta ejecutando
[INFO] 20:11:40:171 CPU/(39542:39542): hilo principal esta ejecutando
[INFO] 20:11:50:171 CPU/(39542:39542): hilo principal esta ejecutando
[INFO] 20:12:00:172 CPU/(39542:39542): hilo principal esta ejecutando
[INFO] 20:12:10:172 CPU/(39542:39542): hilo principal esta ejecutando
[INFO] 20:12:20:173 CPU/(39542:39542): hilo principal esta ejecutando
[INFO] 20:12:30:173 CPU/(39542:39542): hilo principal esta ejecutando
[INFO] 20:12:40:174 CPU/(39542:39542): hilo principal esta ejecutando
[INFO] 20:12:50:174 CPU/(39542:39542): hilo principal esta ejecutando
[INFO] 20:13:00:175 CPU/(39542:39542): hilo principal esta ejecutando
[INFO] 20:13:10:175 CPU/(39542:39542): hilo principal esta ejecutando
[INFO] 20:13:20:176 CPU/(39542:39542): hilo principal esta ejecutando
[INFO] 20:13:30:177 CPU/(39542:39542): hilo principal esta ejecutando
[INFO] 20:13:40:178 CPU/(39542:39542): hilo principal esta ejecutando
[INFO] 20:13:59:877 CPU/(39637:39637): Cliente conectado en 0.0.0.0:35003 (a Memoria)

[INFO] 20:13:59:877 CPU/(39637:39637): hilo principal esta ejecutando
[INFO] 20:13:59:877 CPU/(39637:39639): Escuchando en 0.0.0.0:35001 (CPU)

[INFO] 20:13:59:877 CPU/(39637:39639): Esperando cliente... (CPU)

[INFO] 20:14:09:877 CPU/(39637:39637): hilo principal esta ejecutando
[INFO] 20:14:19:878 CPU/(39637:39637): hilo principal esta ejecutando
[INFO] 20:14:29:882 CPU/(39637:39637): hilo principal esta ejecutando
[INFO] 20:14:39:883 CPU/(39637:39637): hilo principal esta ejecutando
[INFO] 20:14:49:885 CPU/(39637:39637): hilo principal esta ejecutando
[INFO] 20:14:59:886 CPU/(39637:39637): hilo principal esta ejecutando
[INFO] 20:15:09:887 CPU/(39637:39637): hilo principal esta ejecutando
[INFO] 20:15:19:888 CPU/(39637:39637): hilo principal esta ejecutando
[INFO] 20:15:29:888 CPU/(39637:39637): hilo principal esta ejecutando
[INFO] 20:15:39:889 CPU/(39637:39637): hilo principal esta ejecutando
[INFO] 20:15:49:890 CPU/(39637:39637): hilo principal esta ejecutando
[INFO] 20:15:59:900 CPU/(39637:39637): hilo principal esta ejecutando
[INFO] 20:16:09:902 CPU/(39637:39637): hilo principal esta ejecutando
[INFO] 20:17:21:625 CPU/(39865:39865): Cliente conectado en 0.0.0.0:35003 (a Memoria)

[INFO] 20:17:21:625 CPU/(39865:39865): hilo principal esta ejecutando
[INFO] 20:17:21:625 CPU/(39865:39867): Escuchando en 0.0.0.0:35001 (CPU)

[INFO] 20:17:21:625 CPU/(39865:39867): Esperando cliente... (CPU)

[INFO] 20:17:31:625 CPU/(39865:39865): hilo principal esta ejecutando
[INFO] 20:17:41:626 CPU/(39865:39865): hilo principal esta ejecutando
[INFO] 20:17:51:627 CPU/(39865:39865): hilo principal esta ejecutando
[INFO] 20:18:01:628 CPU/(39865:39865): hilo principal esta ejecutando
[INFO] 20:18:11:629 CPU/(39865:39865): hilo principal esta ejecutando
[INFO] 20:18:21:633 CPU/(39865:39865): hilo principal esta ejecutando
[INFO] 20:18:31:633 CPU/(39865:39865): hilo principal esta ejecutando
[INFO] 20:18:41:633 CPU/(39865:39865): hilo principal esta ejecutando
[INFO] 20:18:51:634 CPU/(39865:39865): hilo principal esta ejecutando
[INFO] 20:19:01:634 CPU/(39865:39865): hilo principal esta ejecutando
[INFO] 20:19:11:635 CPU/(39865:39865): hilo principal esta ejecutando
[INFO] 20:19:17:558 CPU/(39865:39867): Nuevo Cliente conectado! (CPU) 6

[INFO] 20:19:21:635 CPU/(39865:39865): hilo principal esta ejecutando
[INFO] 20:19:27:901 CPU/(39865:39867): Numero recibido: 123

[INFO] 20:19:31:636 CPU/(39865:39865): hilo principal esta ejecutando
[INFO] 20:19:41:636 CPU/(39865:39865): hilo principal esta ejecutando
[INFO] 20:19:51:637 CPU/(39865:39865): hilo principal esta ejecutando
[INFO] 20:20:01:637 CPU/(39865:39865): hilo principal esta ejecutando
[INFO] 20:20:11:638 CPU/(39865:39865): hilo principal esta ejecutando
[INFO] 20:20:21:639 CPU/(39865:39865): hilo principal esta ejecutando
[INFO] 20:20:31:640 CPU/(39865:39865): hilo principal esta ejecutando
[INFO] 20:20:41:640 CPU/(39865:39865): hilo principal esta ejecutando
[INFO] 20:20:51:641 CPU/(39865:39865): hilo principal esta ejecutando
[INFO] 20:21:01:641 CPU/(39865:39865): hilo principal esta ejecutando
[INFO] 20:21:11:642 CPU/(39865:39865): hilo principal esta ejecutando
[INFO] 20:21:21:642 CPU/(39865:39865): hilo principal esta ejecutando
[INFO] 20:21:31:643 CPU/(39865:39865): hilo principal esta ejecutando
[INFO] 20:21:41:644 CPU/(39865:39865): hilo principal esta ejecutando
[INFO] 20:21:51:306 CPU/(39865:39867): Numero recibido: 111

[INFO] 20:21:51:644 CPU/(39865:39865): hilo principal esta ejecutando
[INFO] 20:22:01:644 CPU/(39865:39865): hilo principal esta ejecutando
[INFO] 20:22:11:645 CPU/(39865:39865): hilo principal esta ejecutando
[INFO] 20:22:21:646 CPU/(39865:39865): hilo principal esta ejecutando
[INFO] 20:22:31:648 CPU/(39865:39865): hilo principal esta ejecutando
[INFO] 20:22:41:650 CPU/(39865:39865): hilo principal esta ejecutando
[INFO] 20:22:51:652 CPU/(39865:39865): hilo principal esta ejecutando
[INFO] 20:23:01:653 CPU/(39865:39865): hilo principal esta ejecutando
[INFO] 20:23:11:653 CPU/(39865:39865): hilo principal esta ejecutando
[INFO] 20:23:21:654 CPU/(39865:39865): hilo principal esta ejecutando
[INFO] 20:23:31:655 CPU/(39865:39865): hilo principal esta ejecutando
[INFO] 20:23:41:657 CPU/(39865:39865): hilo principal esta ejecutando
[ERROR] 00:07:08:174 CPU/(53374:53374): Error al conectar (a Memoria)

[INFO] 00:07:08:175 CPU/(53374:53374): hilo principal esta ejecutando
[INFO] 00:07:08:175 CPU/(53374:53375): Escuchando en 0.0.0.0:35001 (CPU)

[INFO] 00:07:08:175 CPU/(53374:53375): Esperando cliente... (CPU)

[INFO] 00:07:18:175 CPU/(53374:53374): hilo principal esta ejecutando
[INFO] 00:07:28:176 CPU/(53374:53374): hilo principal esta ejecutando
[INFO] 00:07:38:176 CPU/(53374:53374): hilo principal esta ejecutando
[INFO] 00:07:48:178 CPU/(53374:53374): hilo principal esta ejecutando
[ERROR] 00:07:50:413 CPU/(53436:53436): Error al conectar (a Memoria)

[INFO] 00:07:50:413 CPU/(53436:53436): hilo principal esta ejecutando
[INFO] 00:07:50:413 CPU/(53436:53437): Escuchando en 0.0.0.0:35001 (CPU)

[INFO] 00:07:50:413 CPU/(53436:53437): Esperando cliente... (CPU)

[INFO] 00:08:00:414 CPU/(53436:53436): hilo principal esta ejecutando
[ERROR] 00:08:05:695 CPU/(53467:53467): Error al conectar (a Memoria)

[INFO] 00:08:05:695 CPU/(53467:53467): hilo principal esta ejecutando
[INFO] 00:08:05:695 CPU/(53467:53468): Escuchando en 0.0.0.0:35001 (CPU)

[INFO] 00:08:05:695 CPU/(53467:53468): Esperando cliente... (CPU)

[ERROR] 00:08:15:280 CPU/(53494:53494): Error al conectar (a Memoria)

[INFO] 00:08:15:280 CPU/(53494:53494): hilo principal esta ejecutando
[INFO] 00:08:15:280 CPU/(53494:53495): Escuchando en 0.0.0.0:35001 (CPU)

[INFO] 00:08:15:280 CPU/(53494:53495): Esperando cliente... (CPU)

[INFO] 00:08:25:280 CPU/(53494:53494): hilo principal esta ejecutando
[ERROR] 00:10:00:331 CPU/(53562:53562): Error al conectar (a Memoria)

[INFO] 00:10:00:332 CPU/(53562:53562): hilo principal esta ejecutando
[INFO] 00:10:00:332 CPU/(53562:53563): Escuchando en 0.0.0.0:35001 (CPU)

[INFO] 00:10:00:332 CPU/(53562:53563): Esperando cliente... (CPU)

[INFO] 00:10:10:332 CPU/(53562:53562): hilo principal esta ejecutando
[INFO] 00:10:20:333 CPU/(53562:53562): hilo principal esta ejecutando
[INFO] 00:10:30:336 CPU/(53562:53562): hilo principal esta ejecutando
[ERROR] 00:10:35:089 CPU/(53626:53626): Error al conectar (a Memoria)

[INFO] 00:10:35:089 CPU/(53626:53626): hilo principal esta ejecutando
[INFO] 00:10:35:089 CPU/(53626:53627): Escuchando en 0.0.0.0:35001 (CPU)

[INFO] 00:10:35:089 CPU/(53626:53627): Esperando cliente... (CPU)

[ERROR] 00:10:41:812 CPU/(53649:53649): Error al conectar (a Memoria)

[INFO] 00:10:41:813 CPU/(53649:53649): hilo principal esta ejecutando
[INFO] 00:10:41:813 CPU/(53649:53650): Escuchando en 0.0.0.0:35001 (CPU)

[INFO] 00:10:41:813 CPU/(53649:53650): Esperando cliente... (CPU)

[INFO] 00:10:51:814 CPU/(53649:53649): hilo principal esta ejecutando
[INFO] 00:11:01:814 CPU/(53649:53649): hilo principal esta ejecutando
[INFO] 00:11:11:815 CPU/(53649:53649): hilo principal esta ejecutando
[INFO] 00:11:21:816 CPU/(53649:53649): hilo principal esta ejecutando
[INFO] 00:11:31:816 CPU/(53649:53649): hilo principal esta ejecutando
[ERROR] 00:11:43:515 CPU/(53749:53749): Error al conectar (a Memoria)

[INFO] 00:11:43:515 CPU/(53749:53749): hilo principal esta ejecutando
[INFO] 00:11:43:515 CPU/(53749:53750): Escuchando en 0.0.0.0:35001 (CPU)

[INFO] 00:11:43:515 CPU/(53749:53750): Esperando cliente... (CPU)

[INFO] 00:11:53:515 CPU/(53749:53749): hilo principal esta ejecutando
[INFO] 00:12:03:516 CPU/(53749:53749): hilo principal esta ejecutando
[INFO] 00:12:13:516 CPU/(53749:53749): hilo principal esta ejecutando
[ERROR] 00:12:22:567 CPU/(53803:53803): Error al conectar (a Memoria)

[INFO] 00:12:22:567 CPU/(53803:53803): hilo principal esta ejecutando
[INFO] 00:12:22:567 CPU/(53803:53804): Escuchando en 0.0.0.0:35001 (CPU)

[INFO] 00:12:22:568 CPU/(53803:53804): Esperando cliente... (CPU)

